TN:
SF:/home/aehill/Documents/dev/hiv/modelserver/app/static/src/js/components/inputs.vue
FN:34,(anonymous_2)
FN:45,(anonymous_3)
FN:52,(anonymous_4)
FN:63,(anonymous_5)
FNF:4
FNH:3
FNDA:2,(anonymous_2)
FNDA:2,(anonymous_3)
FNDA:2,(anonymous_4)
FNDA:0,(anonymous_5)
DA:30,1
DA:35,2
DA:46,2
DA:47,2
DA:51,2
DA:52,2
DA:54,2
DA:55,2
DA:56,2
DA:57,2
DA:60,0
DA:61,0
DA:65,0
DA:66,0
LF:14
LH:10
BRDA:54,0,0,2
BRDA:54,0,1,0
BRF:2
BRH:1
end_of_record
TN:
SF:/home/aehill/Documents/dev/hiv/modelserver/app/static/src/js/components/polling.js
FN:1,(anonymous_0)
FN:4,(anonymous_1)
FNF:2
FNH:2
FNDA:2,(anonymous_0)
FNDA:3,(anonymous_1)
DA:1,1
DA:2,2
DA:4,1
DA:5,3
DA:6,3
LF:5
LH:5
BRF:0
BRH:0
end_of_record
TN:
SF:/home/aehill/Documents/dev/hiv/modelserver/app/static/src/js/components/status.vue
FN:19,(anonymous_2)
FN:26,(anonymous_3)
FN:28,(anonymous_4)
FN:39,(anonymous_5)
FN:45,(anonymous_6)
FN:51,(anonymous_7)
FNF:6
FNH:5
FNDA:4,(anonymous_2)
FNDA:3,(anonymous_3)
FNDA:3,(anonymous_4)
FNDA:0,(anonymous_5)
FNDA:4,(anonymous_6)
FNDA:1,(anonymous_7)
DA:13,1
DA:14,1
DA:20,4
DA:27,3
DA:28,3
DA:30,3
DA:31,2
DA:32,2
DA:33,2
DA:35,2
DA:36,1
DA:41,0
DA:46,4
DA:47,2
DA:52,1
DA:53,1
LF:16
LH:15
BRDA:30,0,0,2
BRDA:30,0,1,1
BRDA:35,1,0,1
BRDA:35,1,1,1
BRDA:46,2,0,2
BRDA:46,2,1,2
BRDA:52,3,0,1
BRDA:52,3,1,0
BRF:8
BRH:7
end_of_record
TN:
SF:/home/aehill/Documents/dev/hiv/modelserver/app/static/src/tests/mocks.js
FNF:0
FNH:0
DA:4,2
LF:1
LH:1
BRF:0
BRH:0
end_of_record
